&=17, 22
1=1, 4, 4, 6
2=6, 12
3=19
==============27
>=30
AIRB=5, 28
ALLOCATION=28, 29, 31
AND=28, 29, 29
ARR=13, 15, 17
BREAKS=28
BULK=30
CANCEL=12
DELETE=31
DEP=14, 16, 17
DEPART=5
DFR=10, 21, 22
FIND=28
FLIGHT=1, 7, 12, 25, 29
FUTURE=29
IFR=9, 20, 22, 29
IN=15, 16, 17, 29
IS=5, 7, 25, 28
MESSAGE=30
MESSAGES=28, 30, 31
MULTIPLE=28
NEXT=28, 29, 31
NORMAL=1, 29
NOT=5, 7, 28
NULL=5, 7, 25, 28
OFBL=7, 25, 28
ONE=30
ONLY=13, 14, 15, 16
PAST=29
ROTATION=15, 16, 17
SENDS=29
THEN=28
TOO	=29
TOW=31
TOWING=7, 19, 25, 30, 31
TWO=30
UFR=3, 24, 29
UPDATE=30
WRONG=31
X=5, 7, 9, 10, 13, 14, 15, 16, 17, 20, 21, 22, 28, 29, 30, 31
